19-12-2024 10:16 - mqtt_to_ha.py:191 -      info    - Starting application
19-12-2024 10:16 - mqtt_to_ha.py:200 -      info    - Connecting to Home Assistant
19-12-2024 10:16 - mqtt_to_ha.py:105 -      info    - Connected with result code 0
19-12-2024 10:17 - mqtt_to_ha.py:116 -      info    - Disconnected from Home Assistant
19-12-2024 10:17 - mqtt_to_ha.py:122 -      info    - Trying to Reconnect to Home Assistant
19-12-2024 10:17 - mqtt_to_ha.py:124 -      info    - Reconnected
19-12-2024 10:17 - mqtt_to_ha.py:32 -       info    - Creating Sensors
19-12-2024 10:17 - mqtt_to_ha.py:88 -       info    - Sensors created
19-12-2024 10:17 - mqtt_to_ha.py:127 -      info    - Sensors created
19-12-2024 10:18 - mqtt_to_ha.py:105 -      info    - Connected with result code 0
19-12-2024 10:20 - mqtt_to_ha.py:191 -      info    - Starting application
19-12-2024 10:20 - mqtt_to_ha.py:200 -      info    - Connecting to Home Assistant
19-12-2024 10:20 - mqtt_to_ha.py:105 -      info    - Connected with result code 0
19-12-2024 10:26 - mqtt_to_ha.py:194 -      info    - Starting application
19-12-2024 10:26 - mqtt_to_ha.py:203 -      info    - Connecting to Home Assistant
19-12-2024 10:26 - mqtt_to_ha.py:108 -      info    - Connected with result code 0
19-12-2024 10:27 - mqtt_to_ha.py:194 -      info    - Starting application
19-12-2024 10:27 - mqtt_to_ha.py:203 -      info    - Connecting to Home Assistant
19-12-2024 10:27 - mqtt_to_ha.py:108 -      info    - Connected with result code 0
19-12-2024 10:27 - mqtt_to_ha.py:194 -      info    - Starting application
19-12-2024 10:27 - mqtt_to_ha.py:203 -      info    - Connecting to Home Assistant
19-12-2024 10:27 - mqtt_to_ha.py:108 -      info    - Connected with result code 0
19-12-2024 10:35 - mqtt_to_ha.py:202 -      info    - Starting application
19-12-2024 10:35 - mqtt_to_ha.py:211 -      info    - Connecting to Home Assistant
19-12-2024 10:35 - mqtt_to_ha.py:116 -      info    - Connected with result code 0
19-12-2024 10:35 - mqtt_to_ha.py:202 -      info    - Starting application
19-12-2024 10:35 - mqtt_to_ha.py:211 -      info    - Connecting to Home Assistant
19-12-2024 10:35 - mqtt_to_ha.py:116 -      info    - Connected with result code 0
19-12-2024 10:36 - mqtt_to_ha.py:202 -      info    - Starting application
19-12-2024 10:36 - mqtt_to_ha.py:211 -      info    - Connecting to Home Assistant
19-12-2024 10:36 - mqtt_to_ha.py:202 -      info    - Starting application
19-12-2024 10:36 - mqtt_to_ha.py:211 -      info    - Connecting to Home Assistant
19-12-2024 10:36 - mqtt_to_ha.py:116 -      info    - Connected with result code 0
19-12-2024 10:36 - mqtt_to_ha.py:116 -      info    - Connected with result code 0
19-12-2024 10:36 - mqtt_to_ha.py:202 -      info    - Starting application
19-12-2024 10:36 - mqtt_to_ha.py:211 -      info    - Connecting to Home Assistant
19-12-2024 10:36 - mqtt_to_ha.py:116 -      info    - Connected with result code 0
19-12-2024 10:36 - mqtt_to_ha.py:202 -      info    - Starting application
19-12-2024 10:36 - mqtt_to_ha.py:211 -      info    - Connecting to Home Assistant
19-12-2024 10:36 - mqtt_to_ha.py:116 -      info    - Connected with result code 0
19-12-2024 10:37 - mqtt_to_ha.py:202 -      info    - Starting application
19-12-2024 10:37 - mqtt_to_ha.py:211 -      info    - Connecting to Home Assistant
19-12-2024 10:37 - mqtt_to_ha.py:116 -      info    - Connected with result code 0
19-12-2024 10:37 - mqtt_to_ha.py:202 -      info    - Starting application
19-12-2024 10:37 - mqtt_to_ha.py:211 -      info    - Connecting to Home Assistant
19-12-2024 10:37 - mqtt_to_ha.py:116 -      info    - Connected with result code 0
19-12-2024 10:38 - mqtt_to_ha.py:202 -      info    - Starting application
19-12-2024 10:38 - mqtt_to_ha.py:211 -      info    - Connecting to Home Assistant
19-12-2024 10:38 - mqtt_to_ha.py:116 -      info    - Connected with result code 0
19-12-2024 10:38 - mqtt_to_ha.py:202 -      info    - Starting application
19-12-2024 10:38 - mqtt_to_ha.py:211 -      info    - Connecting to Home Assistant
19-12-2024 10:38 - mqtt_to_ha.py:116 -      info    - Connected with result code 0
